[Licensing::Module] Trying to connect to existing licensing client channel...
Built from '6000.0/staging' branch; Version is '6000.0.69f1 (5f8607f5118b) revision 6260231'; Using compiler version '193933523'; Build Type 'Release'
OS: 'Windows 11  (10.0.26200) Professional' Language: 'es' Physical Memory: 31818 MB
[Licensing::IpcConnector] Successfully connected to: "LicenseClient-Usuario" at "2026-05-25T03:58:54.1617202Z"
BatchMode: 1, IsHumanControllingUs: 0, StartBugReporterOnCrash: 0, Is64bit: 1
System  architecture: x64
Process architecture: x64
Date: 2026-05-25T03:58:54Z

COMMAND LINE ARGUMENTS:
C:\Program Files\Unity\Hub\Editor\6000.0.69f1\Editor\Unity.exe
-batchmode
-projectPath
D:\Universidad\DiseĂ±o\SweetJar
-executeMethod
MissingScriptScanner.Scan
-quit
-logFile
D:\Universidad\DiseĂ±o\SweetJar\unity-missing-script.log
Successfully changed project path to: D:\Universidad\DiseĂ±o\SweetJar
D:/Universidad/DiseĂ±o/SweetJar
It looks like another Unity instance is running with this project open.

Multiple Unity instances cannot open the same project.

Project: D:/Universidad/DiseĂ±o/SweetJar
Fatal Error! It looks like another Unity instance is running with this project open.

Multiple Unity instances cannot open the same project.

Project: D:/Universidad/DiseĂ±o/SweetJar
Crash!!!
SymInit: Symbol-SearchPath: 'C:/Program Files/Unity/Hub/Editor/6000.0.69f1/Editor/Data/Mono;.;D:\Universidad\Diseńo\SweetJar;D:\Universidad\Diseńo\SweetJar\Library\BurstCache\JIT;C:\Program Files\Unity\Hub\Editor\6000.0.69f1\Editor;C:\WINDOWS;C:\WINDOWS\system32;', symOptions: 534, UserName: 'Usuario'
OS-Version: 10.0.0
C:\Program Files\Unity\Hub\Editor\6000.0.69f1\Editor\Unity.exe:Unity.exe (00007FF66A170000), size: 299008 (result: 0), SymType: '-deferred-', PDB: '', fileVersion: 6000.0.69.34311
C:\WINDOWS\SYSTEM32\ntdll.dll:ntdll.dll (00007FFFF8040000), size: 2519040 (result: 0), SymType: '-deferred-', PDB: '', fileVersion: 10.0.26100.8328
C:\WINDOWS\System32\KERNEL32.DLL:KERNEL32.DLL (00007FFFF6FE0000), size: 823296 (result: 0), SymType: '-deferred-', PDB: '', fileVersion: 10.0.26100.8328
C:\WINDOWS\System32\KERNELBASE.dll:KERNELBASE.dll (00007FFFF4A70000), size: 4157440 (result: 0), SymType: '-deferred-', PDB: '', fileVersion: 10.0.26100.8457
C:\WINDOWS\System32\USER32.dll:USER32.dll (00007FFFF6540000), size: 1859584 (result: 0), SymType: '-deferred-', PDB: '', fileVersion: 10.0.26100.8457
C:\WINDOWS\System32\win32u.dll:win32u.dll (00007FFFF4E70000), size: 159744 (result: 0), SymType: '-deferred-', PDB: '', fileVersion: 10.0.26100.8457
C:\WINDOWS\System32\GDI32.dll:GDI32.dll (00007FFFF6710000), size: 176128 (result: 0), SymType: '-deferred-', PDB: '', fileVersion: 10.0.26100.8328
C:\WINDOWS\System32\gdi32full.dll:gdi32full.dll (00007FFFF5B50000), size: 1228800 (result: 0), SymType: '-deferred-', PDB: '', fileVersion: 10.0.26100.8457
C:\WINDOWS\System32\msvcp_win.dll:msvcp_win.dll (00007FFFF5D10000), size: 667648 (result: 0), SymType: '-deferred-', PDB: '', fileVersion: 10.0.26100.8328
C:\WINDOWS\System32\ucrtbase.dll:ucrtbase.dll (00007FFFF4F50000), size: 1355776 (result: 0), SymType: '-deferred-', PDB: '', fileVersion: 10.0.26100.8328
C:\WINDOWS\System32\IMM32.DLL:IMM32.DLL (00007FFFF6A60000), size: 204800 (result: 0), SymType: '-deferred-', PDB: '', fileVersion: 10.0.26100.8328
C:\Program Files\Unity\Hub\Editor\6000.0.69f1\Editor\Unity.dll:Unity.dll (00007FFEEEB90000), size: 87228416 (result: 0), SymType: '-deferred-', PDB: '', fileVersion: 6000.0.69.34311
C:\WINDOWS\System32\CRYPT32.dll:CRYPT32.dll (00007FFFF59D0000), size: 1540096 (result: 0), SymType: '-deferred-', PDB: '', fileVersion: 10.0.26100.8328
C:\WINDOWS\System32\ADVAPI32.dll:ADVAPI32.dll (00007FFFF7150000), size: 745472 (result: 0), SymType: '-deferred-', PDB: '', fileVersion: 10.0.26100.8328
C:\Program Files\Unity\Hub\Editor\6000.0.69f1\Editor\libfbxsdk.dll:libfbxsdk.dll (00007FFEF6430000), size: 8019968 (result: 0), SymType: '-deferred-', PDB: '', fileVersion: 2020.3.7.0
C:\Program Files\Unity\Hub\Editor\6000.0.69f1\Editor\etccompress.dll:etccompress.dll (00007FFEFEF00000), size: 5070848 (result: 0), SymType: '-deferred-', PDB: ''
C:\Program Files\Unity\Hub\Editor\6000.0.69f1\Editor\s3tcompress.dll:s3tcompress.dll (00007FFF28810000), size: 180224 (result: 0), SymType: '-deferred-', PDB: ''
C:\WINDOWS\System32\msvcrt.dll:msvcrt.dll (00007FFFF7E90000), size: 692224 (result: 0), SymType: '-deferred-', PDB: '', fileVersion: 7.0.26100.8246
C:\Program Files\Unity\Hub\Editor\6000.0.69f1\Editor\ispc_texcomp.dll:ispc_texcomp.dll (00007FFF1EC70000), size: 1826816 (result: 0), SymType: '-deferred-', PDB: ''
C:\WINDOWS\System32\sechost.dll:sechost.dll (00007FFFF7A50000), size: 684032 (result: 0), SymType: '-deferred-', PDB: '', fileVersion: 10.0.26100.8328
C:\Program Files\Unity\Hub\Editor\6000.0.69f1\Editor\FreeImage.dll:FreeImage.dll (0000000180000000), size: 5332992 (result: 0), SymType: '-deferred-', PDB: '', fileVersion: 3.18.0.0
C:\Program Files\Unity\Hub\Editor\6000.0.69f1\Editor\compress_bc7e.dll:compress_bc7e.dll (00007FFF008B0000), size: 1433600 (result: 0), SymType: '-deferred-', PDB: ''
C:\WINDOWS\System32\WS2_32.dll:WS2_32.dll (00007FFFF70C0000), size: 524288 (result: 0), SymType: '-deferred-', PDB: '', fileVersion: 10.0.26100.8328
C:\WINDOWS\System32\RPCRT4.dll:RPCRT4.dll (00007FFFF7210000), size: 1146880 (result: 0), SymType: '-deferred-', PDB: '', fileVersion: 10.0.26100.8328
C:\Program Files\Unity\Hub\Editor\6000.0.69f1\Editor\WinPixEventRuntime.dll:WinPixEventRuntime.dll (00007FFF8DD90000), size: 57344 (result: 0), SymType: '-deferred-', PDB: '', fileVersion: 1.0.2403.8001
C:\Program Files\Unity\Hub\Editor\6000.0.69f1\Editor\umbraoptimizer64.dll:umbraoptimizer64.dll (00007FFF01580000), size: 1187840 (result: 0), SymType: '-deferred-', PDB: ''
C:\WINDOWS\System32\ole32.dll:ole32.dll (00007FFFF6740000), size: 1667072 (result: 0), SymType: '-deferred-', PDB: '', fileVersion: 10.0.26100.8457
C:\WINDOWS\SYSTEM32\MSVCP140.dll:MSVCP140.dll (00007FFFD96D0000), size: 557056 (result: 0), SymType: '-deferred-', PDB: '', fileVersion: 14.50.35719.0
C:\WINDOWS\SYSTEM32\VCRUNTIME140.dll:VCRUNTIME140.dll (00007FFFD96A0000), size: 122880 (result: 0), SymType: '-deferred-', PDB: '', fileVersion: 14.50.35719.0
C:\WINDOWS\System32\combase.dll:combase.dll (00007FFFF7B00000), size: 3682304 (result: 0), SymType: '-deferred-', PDB: '', fileVersion: 10.0.26100.8328
C:\WINDOWS\SYSTEM32\VCRUNTIME140_1.dll:VCRUNTIME140_1.dll (00007FFFD9690000), size: 45056 (result: 0), SymType: '-deferred-', PDB: '', fileVersion: 14.50.35719.0
C:\WINDOWS\System32\SETUPAPI.dll:SETUPAPI.dll (00007FFFF7330000), size: 4747264 (result: 0), SymType: '-deferred-', PDB: '', fileVersion: 10.0.26100.8328
C:\WINDOWS\SYSTEM32\bcrypt.dll:bcrypt.dll (00007FFFF4960000), size: 172032 (result: 0), SymType: '-deferred-', PDB: '', fileVersion: 10.0.26100.8246
C:\WINDOWS\SYSTEM32\d3d11.dll:d3d11.dll (00007FFFF0DC0000), size: 2498560 (result: 0), SymType: '-deferred-', PDB: '', fileVersion: 10.0.26100.8457
C:\WINDOWS\System32\SHELL32.dll:SHELL32.dll (00007FFFF5DC0000), size: 7790592 (result: 0), SymType: '-deferred-', PDB: '', fileVersion: 10.0.26100.8457
C:\WINDOWS\SYSTEM32\d3d12.dll:d3d12.dll (00007FFFD1740000), size: 151552 (result: 0), SymType: '-deferred-', PDB: '', fileVersion: 10.0.26100.8328
C:\WINDOWS\System32\SHLWAPI.dll:SHLWAPI.dll (00007FFFF79E0000), size: 417792 (result: 0), SymType: '-deferred-', PDB: '', fileVersion: 10.0.26100.8457
C:\WINDOWS\SYSTEM32\dwmapi.dll:dwmapi.dll (00007FFFF24A0000), size: 192512 (result: 0), SymType: '-deferred-', PDB: '', fileVersion: 10.0.26100.8457
C:\WINDOWS\SYSTEM32\dxgi.dll:dxgi.dll (00007FFFF2330000), size: 1302528 (result: 0), SymType: '-deferred-', PDB: '', fileVersion: 10.0.26100.8457
C:\WINDOWS\System32\Windows.Storage.dll:Windows.Storage.dll (00007FFFF5160000), size: 8830976 (result: 0), SymType: '-deferred-', PDB: '', fileVersion: 10.0.26100.8457
C:\WINDOWS\SYSTEM32\HID.DLL:HID.DLL (00007FFFF2EA0000), size: 61440 (result: 0), SymType: '-deferred-', PDB: '', fileVersion: 10.0.26100.1150
C:\WINDOWS\SYSTEM32\IPHLPAPI.DLL:IPHLPAPI.DLL (00007FFFF31B0000), size: 204800 (result: 0), SymType: '-deferred-', PDB: '', fileVersion: 10.0.26100.8457
C:\WINDOWS\System32\OLEAUT32.dll:OLEAUT32.dll (00007FFFF6EA0000), size: 888832 (result: 0), SymType: '-deferred-', PDB: '', fileVersion: 10.0.26100.8328
C:\WINDOWS\System32\WINTRUST.dll:WINTRUST.dll (00007FFFF5C80000), size: 532480 (result: 0), SymType: '-deferred-', PDB: '', fileVersion: 10.0.26100.8328
C:\WINDOWS\SYSTEM32\OPENGL32.dll:OPENGL32.dll (00007FFF01460000), size: 1110016 (result: 0), SymType: '-deferred-', PDB: '', fileVersion: 10.0.26100.8328
C:\WINDOWS\SYSTEM32\powrprof.dll:powrprof.dll (00007FFFF4720000), size: 385024 (result: 0), SymType: '-deferred-', PDB: '', fileVersion: 10.0.26100.3912
C:\WINDOWS\SYSTEM32\GLU32.dll:GLU32.dll (00007FFF276A0000), size: 184320 (result: 0), SymType: '-deferred-', PDB: '', fileVersion: 10.0.26100.1150
C:\WINDOWS\SYSTEM32\WINMM.dll:WINMM.dll (00007FFFE74A0000), size: 221184 (result: 0), SymType: '-deferred-', PDB: '', fileVersion: 10.0.26100.8457
C:\WINDOWS\SYSTEM32\WINHTTP.dll:WINHTTP.dll (00007FFFED000000), size: 1216512 (result: 0), SymType: '-deferred-', PDB: '', fileVersion: 10.0.26100.8328
C:\Program Files\Unity\Hub\Editor\6000.0.69f1\Editor\SketchUpAPI.dll:SketchUpAPI.dll (00007FFEF5B90000), size: 8990720 (result: 0), SymType: '-deferred-', PDB: '', fileVersion: 23.0.0.0
C:\Program Files\Unity\Hub\Editor\6000.0.69f1\Editor\NativeProxyHelper.dll:NativeProxyHelper.dll (00007FFF006F0000), size: 1789952 (result: 0), SymType: '-deferred-', PDB: ''
C:\WINDOWS\SYSTEM32\VERSION.dll:VERSION.dll (00007FFFEDC90000), size: 45056 (result: 0), SymType: '-deferred-', PDB: '', fileVersion: 10.0.26100.1150
C:\WINDOWS\SYSTEM32\WSOCK32.dll:WSOCK32.dll (00007FFFD96C0000), size: 40960 (result: 0), SymType: '-deferred-', PDB: '', fileVersion: 10.0.26100.1
C:\Program Files\Unity\Hub\Editor\6000.0.69f1\Editor\SketchUpCommonPreferences.dll:SketchUpCommonPreferences.dll (00007FFF27620000), size: 499712 (result: 0), SymType: '-deferred-', PDB: '', fileVersion: 23.0.0.0
C:\WINDOWS\SYSTEM32\Secur32.dll:Secur32.dll (00007FFFF20C0000), size: 53248 (result: 0), SymType: '-deferred-', PDB: '', fileVersion: 10.0.26100.7705
C:\WINDOWS\SYSTEM32\dxcore.dll:dxcore.dll (00007FFFF22E0000), size: 282624 (result: 0), SymType: '-deferred-', PDB: '', fileVersion: 10.0.26100.8328
C:\WINDOWS\SYSTEM32\SSPICLI.DLL:SSPICLI.DLL (00007FFFF3A60000), size: 299008 (result: 0), SymType: '-deferred-', PDB: '', fileVersion: 10.0.26100.8328
C:\Program Files\Unity\Hub\Editor\6000.0.69f1\Editor\OpenRL.dll:OpenRL.dll (000001CA7D750000), size: 12779520 (result: 0), SymType: '-deferred-', PDB: '', fileVersion: 1.5.0.2907
C:\WINDOWS\SYSTEM32\MSVCR100.dll:MSVCR100.dll (0000000060A50000), size: 860160 (result: 0), SymType: '-deferred-', PDB: '', fileVersion: 10.0.40219.325
C:\WINDOWS\SYSTEM32\MSVCP100.dll:MSVCP100.dll (0000000060B30000), size: 622592 (result: 0), SymType: '-deferred-', PDB: '', fileVersion: 10.0.40219.325
C:\Program Files\Unity\Hub\Editor\6000.0.69f1\Editor\embree.dll:embree.dll (00007FFEF4BA0000), size: 16711680 (result: 0), SymType: '-deferred-', PDB: '', fileVersion: 2.14.0.0
C:\WINDOWS\SYSTEM32\cfgmgr32.DLL:cfgmgr32.DLL (00007FFFF4650000), size: 331776 (result: 0), SymType: '-deferred-', PDB: '', fileVersion: 10.0.26100.8115
C:\WINDOWS\SYSTEM32\MSWSOCK.DLL:MSWSOCK.DLL (00007FFFF3D10000), size: 442368 (result: 0), SymType: '-deferred-', PDB: '', fileVersion: 10.0.26100.8328
C:\Program Files\Unity\Hub\Editor\6000.0.69f1\Editor\tbb.dll:tbb.dll (00007FFF275D0000), size: 303104 (result: 0), SymType: '-deferred-', PDB: '', fileVersion: 2020.3.2022.1111
C:\Program Files\Unity\Hub\Editor\6000.0.69f1\Editor\OpenRL_pthread.dll:OpenRL_pthread.dll (000001CA7C100000), size: 61440 (result: 0), SymType: '-deferred-', PDB: '', fileVersion: 2.9.0.0
C:\WINDOWS\SYSTEM32\UMPDC.dll:UMPDC.dll (00007FFFF4700000), size: 81920 (result: 0), SymType: '-deferred-', PDB: '', fileVersion: 10.0.26100.8115
C:\WINDOWS\SYSTEM32\MSASN1.dll:MSASN1.dll (00007FFFF4170000), size: 77824 (result: 0), SymType: '-deferred-', PDB: '', fileVersion: 10.0.26100.8246
C:\WINDOWS\System32\bcryptprimitives.dll:bcryptprimitives.dll (00007FFFF4EA0000), size: 688128 (result: 0), SymType: '-deferred-', PDB: '', fileVersion: 10.0.26100.8328
C:\WINDOWS\SYSTEM32\kernel.appcore.dll:kernel.appcore.dll (00007FFFF37C0000), size: 110592 (result: 0), SymType: '-deferred-', PDB: '', fileVersion: 10.0.26100.8328
C:\WINDOWS\system32\uxtheme.dll:uxtheme.dll (00007FFFF2200000), size: 696320 (result: 0), SymType: '-deferred-', PDB: '', fileVersion: 10.0.26100.8457
C:\WINDOWS\System32\SHCORE.dll:SHCORE.dll (00007FFFF6B30000), size: 1007616 (result: 0), SymType: '-deferred-', PDB: '', fileVersion: 10.0.26100.8457
C:\WINDOWS\SYSTEM32\profapi.dll:profapi.dll (00007FFFF4990000), size: 167936 (result: 0), SymType: '-deferred-', PDB: '', fileVersion: 10.0.26100.8328
C:\WINDOWS\SYSTEM32\CRYPTSP.dll:CRYPTSP.dll (00007FFFF4110000), size: 110592 (result: 0), SymType: '-deferred-', PDB: '', fileVersion: 10.0.26100.8328
C:\WINDOWS\system32\IconCodecService.dll:IconCodecService.dll (00007FFFCBD60000), size: 45056 (result: 0), SymType: '-deferred-', PDB: '', fileVersion: 10.0.26100.1
C:\WINDOWS\system32\rsaenh.dll:rsaenh.dll (00007FFFF3720000), size: 233472 (result: 0), SymType: '-deferred-', PDB: '', fileVersion: 10.0.26100.7705
C:\WINDOWS\SYSTEM32\WindowsCodecs.dll:WindowsCodecs.dll (00007FFFF0920000), size: 2281472 (result: 0), SymType: '-deferred-', PDB: '', fileVersion: 10.0.26100.8328
C:\WINDOWS\SYSTEM32\CRYPTBASE.dll:CRYPTBASE.dll (00007FFFF3F70000), size: 49152 (result: 0), SymType: '-deferred-', PDB: '', fileVersion: 10.0.26100.8246
C:\WINDOWS\System32\clbcatq.dll:clbcatq.dll (00007FFFF7F40000), size: 712704 (result: 0), SymType: '-deferred-', PDB: '', fileVersion: 2001.12.10941.16384
C:\WINDOWS\System32\imagehlp.dll:imagehlp.dll (00007FFFF7970000), size: 131072 (result: 0), SymType: '-deferred-', PDB: '', fileVersion: 10.0.26100.4202
C:\WINDOWS\System32\netprofm.dll:netprofm.dll (00007FFFEEA50000), size: 450560 (result: 0), SymType: '-deferred-', PDB: '', fileVersion: 10.0.26100.8328
C:\WINDOWS\System32\npmproxy.dll:npmproxy.dll (00007FFFE7C70000), size: 102400 (result: 0), SymType: '-deferred-', PDB: '', fileVersion: 10.0.26100.8328
C:\WINDOWS\SYSTEM32\dbghelp.dll:dbghelp.dll (00007FFFF2A60000), size: 2367488 (result: 0), SymType: '-deferred-', PDB: '', fileVersion: 10.0.26100.8328

========== OUTPUTTING STACK TRACE ==================

0x00007FFFF4B2FE0A (KERNELBASE) RaiseException
0x00007FFEF073B505 (Unity) EditorMonoConsole::LogToConsoleImplementation
0x00007FFEF073C1CA (Unity) EditorMonoConsole::LogToConsoleImplementation
0x00007FFEF13D3C5D (Unity) DebugStringToFilePostprocessedStacktrace
0x00007FFEF13D2FF8 (Unity) DebugStringToFile
0x00007FFEF0839366 (Unity) HandleProjectAlreadyOpenInAnotherInstance
0x00007FFEF083B178 (Unity) Application::InitializeProject
0x00007FFEF0E2D833 (Unity) UnityMain
0x00007FF66A172FBA (Unity) __scrt_common_main_seh
0x00007FFFF700E957 (KERNEL32) BaseThreadInitThunk
0x00007FFFF804427C (ntdll) RtlUserThreadStart

========== END OF STACKTRACE ===========

A crash has been intercepted by the crash handler. For call stack and other details, see the latest crash report generated in:
 * C:/Users/Usuario/AppData/Local/Temp/Unity/Editor/Crashes
